<?xml version="1.0" encoding="UTF-8"?>
<coverage generated="1600543972098" clover="3.2.0">
  <project timestamp="1600543972098" name="All files">
    <metrics statements="20" coveredstatements="14" conditionals="0" coveredconditionals="0" methods="9" coveredmethods="4" elements="29" coveredelements="18" complexity="0" loc="20" ncloc="20" packages="1" files="3" classes="3"/>
    <file name="fetch.js" path="/Users/gabriel.ramos/Development/personal/jest-testes/fetch.js">
      <metrics statements="10" coveredstatements="4" conditionals="0" coveredconditionals="0" methods="5" coveredmethods="0"/>
      <line num="1" count="1" type="stmt"/>
      <line num="3" count="1" type="stmt"/>
      <line num="4" count="0" type="stmt"/>
      <line num="5" count="0" type="stmt"/>
      <line num="7" count="0" type="stmt"/>
      <line num="8" count="0" type="stmt"/>
      <line num="11" count="0" type="stmt"/>
      <line num="12" count="0" type="stmt"/>
      <line num="17" count="1" type="stmt"/>
      <line num="21" count="1" type="stmt"/>
    </file>
    <file name="funcoes-assincronas.js" path="/Users/gabriel.ramos/Development/personal/jest-testes/funcoes-assincronas.js">
      <metrics statements="5" coveredstatements="5" conditionals="0" coveredconditionals="0" methods="2" coveredmethods="2"/>
      <line num="1" count="1" type="stmt"/>
      <line num="3" count="1" type="stmt"/>
      <line num="4" count="2" type="stmt"/>
      <line num="5" count="2" type="stmt"/>
      <line num="9" count="1" type="stmt"/>
    </file>
    <file name="funcoes-sincronas.js" path="/Users/gabriel.ramos/Development/personal/jest-testes/funcoes-sincronas.js">
      <metrics statements="5" coveredstatements="5" conditionals="0" coveredconditionals="0" methods="2" coveredmethods="2"/>
      <line num="1" count="1" type="stmt"/>
      <line num="2" count="1" type="stmt"/>
      <line num="5" count="1" type="stmt"/>
      <line num="6" count="1" type="stmt"/>
      <line num="9" count="1" type="stmt"/>
    </file>
  </project>
</coverage>
