TN:
SF:fetch.js
FN:3,(anonymous_0)
FN:4,(anonymous_1)
FN:7,(anonymous_2)
FN:11,(anonymous_3)
FN:17,(anonymous_4)
FNF:5
FNH:0
FNDA:0,(anonymous_0)
FNDA:0,(anonymous_1)
FNDA:0,(anonymous_2)
FNDA:0,(anonymous_3)
FNDA:0,(anonymous_4)
DA:1,1
DA:3,1
DA:4,0
DA:5,0
DA:7,0
DA:8,0
DA:11,0
DA:12,0
DA:17,1
DA:21,1
LF:10
LH:4
BRF:0
BRH:0
end_of_record
TN:
SF:funcoes-assincronas.js
FN:3,(anonymous_0)
FN:4,(anonymous_1)
FNF:2
FNH:2
FNDA:2,(anonymous_0)
FNDA:2,(anonymous_1)
DA:1,1
DA:3,1
DA:4,2
DA:5,2
DA:9,1
LF:5
LH:5
BRF:0
BRH:0
end_of_record
TN:
SF:funcoes-sincronas.js
FN:1,(anonymous_0)
FN:5,(anonymous_1)
FNF:2
FNH:2
FNDA:1,(anonymous_0)
FNDA:1,(anonymous_1)
DA:1,1
DA:2,1
DA:5,1
DA:6,1
DA:9,1
LF:5
LH:5
BRF:0
BRH:0
end_of_record
